Determining if the pthread_create exist failed with the following output:
Change Dir: /home/jetson/car_ws/src/ORB_SLAM2/Examples/ROS/ORB_SLAM2/build/CMakeFiles/CMakeTmp

Run Build Command:"/usr/bin/make" "cmTC_3e36f/fast"
/usr/bin/make -f CMakeFiles/cmTC_3e36f.dir/build.make CMakeFiles/cmTC_3e36f.dir/build
make[1]: Entering directory '/home/jetson/car_ws/src/ORB_SLAM2/Examples/ROS/ORB_SLAM2/build/CMakeFiles/CMakeTmp'
Building C object CMakeFiles/cmTC_3e36f.dir/CheckSymbolExists.c.o
/usr/bin/cc    -o CMakeFiles/cmTC_3e36f.dir/CheckSymbolExists.c.o   -c /home/jetson/car_ws/src/ORB_SLAM2/Examples/ROS/ORB_SLAM2/build/CMakeFiles/CMakeTmp/CheckSymbolExists.c
Linking C executable cmTC_3e36f
/usr/bin/cmake -E cmake_link_script CMakeFiles/cmTC_3e36f.dir/link.txt --verbose=1
/usr/bin/cc      -rdynamic CMakeFiles/cmTC_3e36f.dir/CheckSymbolExists.c.o  -o cmTC_3e36f 
CMakeFiles/cmTC_3e36f.dir/CheckSymbolExists.c.o: In function `main':
CheckSymbolExists.c:(.text+0x14): undefined reference to `pthread_create'
CheckSymbolExists.c:(.text+0x18): undefined reference to `pthread_create'
collect2: error: ld returned 1 exit status
CMakeFiles/cmTC_3e36f.dir/build.make:97: recipe for target 'cmTC_3e36f' failed
make[1]: *** [cmTC_3e36f] Error 1
make[1]: Leaving directory '/home/jetson/car_ws/src/ORB_SLAM2/Examples/ROS/ORB_SLAM2/build/CMakeFiles/CMakeTmp'
Makefile:126: recipe for target 'cmTC_3e36f/fast' failed
make: *** [cmTC_3e36f/fast] Error 2

File /home/jetson/car_ws/src/ORB_SLAM2/Examples/ROS/ORB_SLAM2/build/CMakeFiles/CMakeTmp/CheckSymbolExists.c:
/* */
#include <pthread.h>

int main(int argc, char** argv)
{
  (void)argv;
#ifndef pthread_create
  return ((int*)(&pthread_create))[argc];
#else
  (void)argc;
  return 0;
#endif
}

Determining if the function pthread_create exists in the pthreads failed with the following output:
Change Dir: /home/jetson/car_ws/src/ORB_SLAM2/Examples/ROS/ORB_SLAM2/build/CMakeFiles/CMakeTmp

Run Build Command:"/usr/bin/make" "cmTC_73c64/fast"
/usr/bin/make -f CMakeFiles/cmTC_73c64.dir/build.make CMakeFiles/cmTC_73c64.dir/build
make[1]: Entering directory '/home/jetson/car_ws/src/ORB_SLAM2/Examples/ROS/ORB_SLAM2/build/CMakeFiles/CMakeTmp'
Building C object CMakeFiles/cmTC_73c64.dir/CheckFunctionExists.c.o
/usr/bin/cc   -DCHECK_FUNCTION_EXISTS=pthread_create   -o CMakeFiles/cmTC_73c64.dir/CheckFunctionExists.c.o   -c /usr/share/cmake-3.10/Modules/CheckFunctionExists.c
Linking C executable cmTC_73c64
/usr/bin/cmake -E cmake_link_script CMakeFiles/cmTC_73c64.dir/link.txt --verbose=1
/usr/bin/cc  -DCHECK_FUNCTION_EXISTS=pthread_create    -rdynamic CMakeFiles/cmTC_73c64.dir/CheckFunctionExists.c.o  -o cmTC_73c64 -lpthreads 
/usr/bin/ld: cannot find -lpthreads
collect2: error: ld returned 1 exit status
CMakeFiles/cmTC_73c64.dir/build.make:97: recipe for target 'cmTC_73c64' failed
make[1]: *** [cmTC_73c64] Error 1
make[1]: Leaving directory '/home/jetson/car_ws/src/ORB_SLAM2/Examples/ROS/ORB_SLAM2/build/CMakeFiles/CMakeTmp'
Makefile:126: recipe for target 'cmTC_73c64/fast' failed
make: *** [cmTC_73c64/fast] Error 2


